2024-06-03 18:22:36,160 [INFO] Activator:176 - 


2024-06-03 18:22:36,162 [INFO] Activator:177 - !SESSION log4j initialized
2024-06-03 18:22:37,777 [INFO] LogOutputStream:77 - [STDOUT_REDIRECT] 
2024-06-03 18:22:39,411 [INFO] ApplicationProperties:184 - Using Application install path: /opt/st/stm32cubeide_1.15.1_2/plugins/com.st.stm32cube.common.mx_6.11.1.202404110753
2024-06-03 18:22:39,424 [INFO] DbMcusXml:78 - Set database path to: /opt/st/stm32cubeide_1.15.1_2/plugins/com.st.stm32cube.common.mx_6.11.1.202404110753//db//mcu/
2024-06-03 18:22:39,424 [INFO] ApiDb:274 - Set plugin database path to: /opt/st/stm32cubeide_1.15.1_2/plugins/com.st.stm32cube.common.mx_6.11.1.202404110753//db//plugins/boardmanager/
2024-06-03 18:22:39,424 [WARN] ApiDb:259 - Overriding images path with different value:  => /opt/st/stm32cubeide_1.15.1_2/plugins/com.st.stm32cube.common.mx_6.11.1.202404110753//db//plugins/mcufinder/images/
2024-06-03 18:22:39,428 [INFO] ApiDb:250 - Set database path to: /home/om/.stmcufinder/plugins/mcufinder//mcu/
2024-06-03 18:22:39,429 [INFO] DbMcusAds:125 - Set database path to: /home/om/.stmcufinder/plugins/mcufinder//mcu/
2024-06-03 18:22:39,431 [INFO] CrossReferenceDbSqlite:203 - Set database path to: /home/om/.stmcufinder/plugins/mcufinder//mcu/cs/
2024-06-03 18:22:39,517 [INFO] RulesReader:64 - Compatibility file has been processed (297 Rules)
2024-06-03 18:22:39,574 [INFO] DbMcusXml:78 - Set database path to: /opt/st/stm32cubeide_1.15.1_2/plugins/com.st.stm32cube.common.mx_6.11.1.202404110753//db//mcu/
2024-06-03 18:22:39,575 [INFO] ApiDb:274 - Set plugin database path to: /opt/st/stm32cubeide_1.15.1_2/plugins/com.st.stm32cube.common.mx_6.11.1.202404110753//db//plugins/boardmanager/
2024-06-03 18:22:39,575 [INFO] ApiDb:261 - Set plugin images path to: /opt/st/stm32cubeide_1.15.1_2/plugins/com.st.stm32cube.common.mx_6.11.1.202404110753//db//plugins/mcufinder/images/
2024-06-03 18:22:39,575 [WARN] DbFile:41 - Overriding database path with different value: /home/om/.stmcufinder/plugins/mcufinder/ => /home/om/.stmcufinder/plugins/mcufinder
2024-06-03 18:22:39,575 [INFO] ApiDb:250 - Set database path to: /home/om/.stmcufinder/plugins/mcufinder//mcu/
2024-06-03 18:22:39,575 [WARN] DbFile:41 - Overriding database path with different value: /home/om/.stmcufinder/plugins/mcufinder/ => /home/om/.stmcufinder/plugins/mcufinder
2024-06-03 18:22:39,575 [INFO] DbMcusAds:125 - Set database path to: /home/om/.stmcufinder/plugins/mcufinder//mcu/
2024-06-03 18:22:39,576 [WARN] DbFile:41 - Overriding database path with different value: /home/om/.stmcufinder/plugins/mcufinder/ => /home/om/.stmcufinder/plugins/mcufinder
2024-06-03 18:22:39,576 [WARN] DbFile:41 - Overriding database path with different value: /home/om/.stmcufinder/plugins/mcufinder/ => /home/om/.stmcufinder/plugins/mcufinder
2024-06-03 18:22:39,576 [INFO] CrossReferenceDbSqlite:203 - Set database path to: /home/om/.stmcufinder/plugins/mcufinder//mcu/cs/
2024-06-03 18:22:39,633 [INFO] MainPanel:264 - HeapMemory: 268435456
2024-06-03 18:22:39,699 [INFO] DbMcusXml:78 - Set database path to: /opt/st/stm32cubeide_1.15.1_2/plugins/com.st.stm32cube.common.mx_6.11.1.202404110753//db//mcu/
2024-06-03 18:22:39,699 [INFO] ApiDb:274 - Set plugin database path to: /opt/st/stm32cubeide_1.15.1_2/plugins/com.st.stm32cube.common.mx_6.11.1.202404110753//db//plugins/boardmanager/
2024-06-03 18:22:39,699 [INFO] ApiDb:261 - Set plugin images path to: /opt/st/stm32cubeide_1.15.1_2/plugins/com.st.stm32cube.common.mx_6.11.1.202404110753//db//plugins/mcufinder/images/
2024-06-03 18:22:39,700 [WARN] DbFile:41 - Overriding database path with different value: /home/om/.stmcufinder/plugins/mcufinder/ => /home/om/.stmcufinder/plugins/mcufinder
2024-06-03 18:22:39,700 [INFO] ApiDb:250 - Set database path to: /home/om/.stmcufinder/plugins/mcufinder//mcu/
2024-06-03 18:22:39,700 [WARN] DbFile:41 - Overriding database path with different value: /home/om/.stmcufinder/plugins/mcufinder/ => /home/om/.stmcufinder/plugins/mcufinder
2024-06-03 18:22:39,700 [INFO] DbMcusAds:125 - Set database path to: /home/om/.stmcufinder/plugins/mcufinder//mcu/
2024-06-03 18:22:39,700 [WARN] DbFile:41 - Overriding database path with different value: /home/om/.stmcufinder/plugins/mcufinder/ => /home/om/.stmcufinder/plugins/mcufinder
2024-06-03 18:22:39,700 [WARN] DbFile:41 - Overriding database path with different value: /home/om/.stmcufinder/plugins/mcufinder/ => /home/om/.stmcufinder/plugins/mcufinder
2024-06-03 18:22:39,700 [INFO] CrossReferenceDbSqlite:203 - Set database path to: /home/om/.stmcufinder/plugins/mcufinder//mcu/cs/
2024-06-03 18:22:39,715 [INFO] ApplicationProperties:184 - Using Application install path: /opt/st/stm32cubeide_1.15.1_2/plugins/com.st.stm32cube.common.mx_6.11.1.202404110753
2024-06-03 18:22:39,716 [INFO] PluginManage:196 - Search for loadable plugins [exclusion list=, ]
2024-06-03 18:22:39,717 [INFO] PluginManage:310 - Check plugin analytics
2024-06-03 18:22:39,853 [INFO] AnalyticsPlugin:253 - Accepted Software Licenses: 
2024-06-03 18:22:39,853 [INFO] AnalyticsPlugin:255 - Accepted CMSIS Pack Licenses: 
2024-06-03 18:22:39,854 [INFO] AnalyticsPlugin:257 - Accepted Firmware Licenses: FW.F4.1.28.0
2024-06-03 18:22:39,857 [INFO] PluginManage:359 - Loaded plugin analytics (category:tool,tabindex:-1)
2024-06-03 18:22:39,857 [INFO] PluginManage:310 - Check plugin cadmodel
2024-06-03 18:22:39,878 [INFO] CADModel:105 - Init CAD model plugin
2024-06-03 18:22:39,879 [INFO] PluginManage:359 - Loaded plugin cadmodel (category:power,tabindex:5)
2024-06-03 18:22:39,879 [INFO] PluginManage:310 - Check plugin clock
2024-06-03 18:22:39,888 [INFO] PluginManage:359 - Loaded plugin clock (category:base,tabindex:2)
2024-06-03 18:22:39,888 [INFO] PluginManage:310 - Check plugin ddr
2024-06-03 18:22:39,890 [INFO] PluginManage:359 - Loaded plugin ddr (category:tool,tabindex:6)
2024-06-03 18:22:39,891 [INFO] PluginManage:310 - Check plugin filemanager
2024-06-03 18:22:40,015 [INFO] PluginManage:359 - Loaded plugin filemanager (category:base,tabindex:10)
2024-06-03 18:22:40,015 [INFO] PluginManage:310 - Check plugin ipmanager
2024-06-03 18:22:40,020 [INFO] PluginManage:359 - Loaded plugin ipmanager (category:base,tabindex:5)
2024-06-03 18:22:40,021 [INFO] PluginManage:310 - Check plugin lpbam
2024-06-03 18:22:40,030 [INFO] PluginManage:359 - Loaded plugin lpbam (category:base,tabindex:0)
2024-06-03 18:22:40,030 [INFO] PluginManage:310 - Check plugin memorymap
2024-06-03 18:22:40,056 [INFO] PluginManage:359 - Loaded plugin memorymap (category:base,tabindex:4)
2024-06-03 18:22:40,056 [INFO] PluginManage:310 - Check plugin pinoutandconfiguration
2024-06-03 18:22:40,064 [INFO] PluginManage:359 - Loaded plugin pinoutandconfiguration (category:base,tabindex:1)
2024-06-03 18:22:40,065 [INFO] PluginManage:310 - Check plugin pinoutconfig
2024-06-03 18:22:40,144 [WARN] SupportedApi:132 - Cannot load RTOS API schema: s4s-elt-must-match.1: The content of 'definitions' must match (annotation?, (simpleType | complexType)?, (unique | key | keyref)*)). A problem was found starting at: attribute.
2024-06-03 18:22:40,270 [INFO] PluginManage:359 - Loaded plugin pinoutconfig (category:base,tabindex:0)
2024-06-03 18:22:40,270 [INFO] PluginManage:310 - Check plugin power
2024-06-03 18:22:40,276 [INFO] PluginManage:359 - Loaded plugin power (category:power,tabindex:4)
2024-06-03 18:22:40,276 [INFO] PluginManage:310 - Check plugin projectmanager
2024-06-03 18:22:40,290 [INFO] PluginManage:359 - Loaded plugin projectmanager (category:projectmanager,tabindex:3)
2024-06-03 18:22:40,290 [INFO] PluginManage:310 - Check plugin thirdparty
2024-06-03 18:22:40,393 [WARN] IntegrityCheckThread:84 - waiting for thirdparty lock release [integrity check]
2024-06-03 18:22:40,393 [INFO] PluginManage:359 - Loaded plugin thirdparty (category:base,tabindex:-1)
2024-06-03 18:22:40,394 [INFO] IntegrityCheckThread:86 - entering critical section [integrity check]
2024-06-03 18:22:40,394 [INFO] ThirdPartyUpdaterWithRetryManager:70 - Updater plugin not ready yet. [1/15]
2024-06-03 18:22:40,394 [INFO] PluginManage:310 - Check plugin tools
2024-06-03 18:22:40,396 [INFO] PluginManage:359 - Loaded plugin tools (category:base,tabindex:7)
2024-06-03 18:22:40,396 [INFO] PluginManage:310 - Check plugin tutovideos
2024-06-03 18:22:40,525 [INFO] PluginManage:359 - Loaded plugin tutovideos (category:base,tabindex:-1)
2024-06-03 18:22:40,525 [INFO] PluginManage:310 - Check plugin updater
2024-06-03 18:22:40,532 [INFO] PluginManage:359 - Loaded plugin updater (category:base,tabindex:12)
2024-06-03 18:22:40,532 [INFO] PluginManage:310 - Check plugin userauth
2024-06-03 18:22:40,536 [INFO] UserAuth:114 - Init User Auth plugin
2024-06-03 18:22:40,536 [INFO] PluginManage:359 - Loaded plugin userauth (category:base,tabindex:14)
2024-06-03 18:22:40,536 [INFO] PluginManage:283 - PluginManage : Loaded plugins [17]
2024-06-03 18:22:40,686 [INFO] PinOutPanel:1561 - setPackage(No Configuration,No Configuration)
2024-06-03 18:22:40,741 [INFO] CADModel:165 - CPN selected for project level
2024-06-03 18:22:40,741 [INFO] CADModel:114 - Register for checkConnection events
2024-06-03 18:22:40,748 [INFO] IPUIPlugin:80 - create IPUIPlugin
2024-06-03 18:22:40,748 [INFO] PluginManager:220 - loadIPPluginJar : add ucpd
2024-06-03 18:22:40,753 [INFO] IPUIPlugin:80 - create IPUIPlugin
2024-06-03 18:22:40,754 [INFO] PluginManager:220 - loadIPPluginJar : add mdma
2024-06-03 18:22:40,758 [INFO] IPUIPlugin:80 - create IPUIPlugin
2024-06-03 18:22:40,758 [INFO] PluginManager:220 - loadIPPluginJar : add can
2024-06-03 18:22:40,760 [INFO] IPUIPlugin:80 - create IPUIPlugin
2024-06-03 18:22:40,761 [INFO] PluginManager:220 - loadIPPluginJar : add lorawan
2024-06-03 18:22:40,762 [INFO] IPUIPlugin:80 - create IPUIPlugin
2024-06-03 18:22:40,762 [INFO] PluginManager:220 - loadIPPluginJar : add quadspi
2024-06-03 18:22:40,764 [INFO] IPUIPlugin:80 - create IPUIPlugin
2024-06-03 18:22:40,764 [INFO] PluginManager:220 - loadIPPluginJar : add fatfs
2024-06-03 18:22:40,766 [INFO] IPUIPlugin:80 - create IPUIPlugin
2024-06-03 18:22:40,766 [INFO] PluginManager:220 - loadIPPluginJar : add hash
2024-06-03 18:22:40,770 [INFO] IPUIPlugin:80 - create IPUIPlugin
2024-06-03 18:22:40,770 [INFO] PluginManager:220 - loadIPPluginJar : add opamp
2024-06-03 18:22:40,772 [INFO] IPUIPlugin:80 - create IPUIPlugin
2024-06-03 18:22:40,772 [INFO] PluginManager:220 - loadIPPluginJar : add genericplugin
2024-06-03 18:22:40,777 [INFO] IPUIPlugin:80 - create IPUIPlugin
2024-06-03 18:22:40,777 [INFO] PluginManager:220 - loadIPPluginJar : add freertos
2024-06-03 18:22:40,779 [INFO] IPUIPlugin:80 - create IPUIPlugin
2024-06-03 18:22:40,779 [INFO] PluginManager:220 - loadIPPluginJar : add tim
2024-06-03 18:22:40,781 [INFO] IPUIPlugin:80 - create IPUIPlugin
2024-06-03 18:22:40,781 [INFO] PluginManager:220 - loadIPPluginJar : add tracer_emb
2024-06-03 18:22:40,784 [INFO] IPUIPlugin:80 - create IPUIPlugin
2024-06-03 18:22:40,784 [INFO] PluginManager:220 - loadIPPluginJar : add i2c
2024-06-03 18:22:40,786 [INFO] IPUIPlugin:80 - create IPUIPlugin
2024-06-03 18:22:40,786 [INFO] PluginManager:220 - loadIPPluginJar : add spi
2024-06-03 18:22:40,788 [INFO] IPUIPlugin:80 - create IPUIPlugin
2024-06-03 18:22:40,789 [INFO] PluginManager:220 - loadIPPluginJar : add aes
2024-06-03 18:22:40,794 [INFO] IPUIPlugin:80 - create IPUIPlugin
2024-06-03 18:22:40,794 [INFO] PluginManager:220 - loadIPPluginJar : add adc
2024-06-03 18:22:40,795 [INFO] IPUIPlugin:80 - create IPUIPlugin
2024-06-03 18:22:40,795 [INFO] PluginManager:220 - loadIPPluginJar : add ltdc
2024-06-03 18:22:40,798 [INFO] IPUIPlugin:80 - create IPUIPlugin
2024-06-03 18:22:40,798 [INFO] PluginManager:220 - loadIPPluginJar : add ipddr
2024-06-03 18:22:40,801 [INFO] IPUIPlugin:80 - create IPUIPlugin
2024-06-03 18:22:40,801 [INFO] PluginManager:220 - loadIPPluginJar : add sai
2024-06-03 18:22:40,804 [INFO] IPUIPlugin:80 - create IPUIPlugin
2024-06-03 18:22:40,804 [INFO] PluginManager:220 - loadIPPluginJar : add usbx
2024-06-03 18:22:40,806 [INFO] IPUIPlugin:80 - create IPUIPlugin
2024-06-03 18:22:40,806 [INFO] PluginManager:220 - loadIPPluginJar : add ts
2024-06-03 18:22:40,808 [INFO] IPUIPlugin:80 - create IPUIPlugin
2024-06-03 18:22:40,808 [INFO] PluginManager:220 - loadIPPluginJar : add usart
2024-06-03 18:22:40,811 [INFO] IPUIPlugin:80 - create IPUIPlugin
2024-06-03 18:22:40,811 [INFO] PluginManager:220 - loadIPPluginJar : add openamp
2024-06-03 18:22:40,815 [INFO] IPUIPlugin:80 - create IPUIPlugin
2024-06-03 18:22:40,816 [INFO] PluginManager:220 - loadIPPluginJar : add fmc
2024-06-03 18:22:40,819 [INFO] IPUIPlugin:80 - create IPUIPlugin
2024-06-03 18:22:40,820 [INFO] PluginManager:220 - loadIPPluginJar : add gpio
2024-06-03 18:22:40,822 [INFO] IPUIPlugin:80 - create IPUIPlugin
2024-06-03 18:22:40,822 [INFO] PluginManager:220 - loadIPPluginJar : add gfxmmu
2024-06-03 18:22:40,824 [INFO] IPUIPlugin:80 - create IPUIPlugin
2024-06-03 18:22:40,824 [INFO] PluginManager:220 - loadIPPluginJar : add i2s
2024-06-03 18:22:40,828 [INFO] IPUIPlugin:80 - create IPUIPlugin
2024-06-03 18:22:40,828 [INFO] PluginManager:220 - loadIPPluginJar : add gic
2024-06-03 18:22:40,832 [INFO] IPUIPlugin:80 - create IPUIPlugin
2024-06-03 18:22:40,832 [INFO] PluginManager:220 - loadIPPluginJar : add resmgrutility
2024-06-03 18:22:40,834 [INFO] IPUIPlugin:80 - create IPUIPlugin
2024-06-03 18:22:40,834 [INFO] PluginManager:220 - loadIPPluginJar : add dfsdm
2024-06-03 18:22:40,836 [INFO] IPUIPlugin:80 - create IPUIPlugin
2024-06-03 18:22:40,836 [INFO] PluginManager:220 - loadIPPluginJar : add cryp
2024-06-03 18:22:40,839 [INFO] IPUIPlugin:80 - create IPUIPlugin
2024-06-03 18:22:40,839 [INFO] PluginManager:220 - loadIPPluginJar : add extmemmanager
2024-06-03 18:22:40,843 [INFO] IPUIPlugin:80 - create IPUIPlugin
2024-06-03 18:22:40,844 [INFO] PluginManager:220 - loadIPPluginJar : add dma
2024-06-03 18:22:40,845 [INFO] IPUIPlugin:80 - create IPUIPlugin
2024-06-03 18:22:40,845 [INFO] PluginManager:220 - loadIPPluginJar : add tsc
2024-06-03 18:22:40,849 [INFO] IPUIPlugin:80 - create IPUIPlugin
2024-06-03 18:22:40,850 [INFO] PluginManager:220 - loadIPPluginJar : add stm32_wpan
2024-06-03 18:22:40,852 [INFO] IPUIPlugin:80 - create IPUIPlugin
2024-06-03 18:22:40,853 [INFO] PluginManager:220 - loadIPPluginJar : add touchsensing
2024-06-03 18:22:40,854 [INFO] IPUIPlugin:80 - create IPUIPlugin
2024-06-03 18:22:40,855 [INFO] PluginManager:220 - loadIPPluginJar : add dma3
2024-06-03 18:22:40,857 [INFO] IPUIPlugin:80 - create IPUIPlugin
2024-06-03 18:22:40,857 [INFO] PluginManager:220 - loadIPPluginJar : add pdm2pcm
2024-06-03 18:22:40,863 [INFO] IPUIPlugin:80 - create IPUIPlugin
2024-06-03 18:22:40,863 [INFO] PluginManager:220 - loadIPPluginJar : add linkedlist
2024-06-03 18:22:40,865 [INFO] IPUIPlugin:80 - create IPUIPlugin
2024-06-03 18:22:40,865 [INFO] PluginManager:220 - loadIPPluginJar : add comp
2024-06-03 18:22:40,867 [INFO] IPUIPlugin:80 - create IPUIPlugin
2024-06-03 18:22:40,867 [INFO] PluginManager:220 - loadIPPluginJar : add i3c
2024-06-03 18:22:40,873 [INFO] IPUIPlugin:80 - create IPUIPlugin
2024-06-03 18:22:40,876 [INFO] PluginManager:220 - loadIPPluginJar : add plateformsettings
2024-06-03 18:22:40,879 [INFO] IPUIPlugin:80 - create IPUIPlugin
2024-06-03 18:22:40,879 [INFO] PluginManager:220 - loadIPPluginJar : add gtzc
2024-06-03 18:22:40,882 [INFO] IPUIPlugin:80 - create IPUIPlugin
2024-06-03 18:22:40,882 [INFO] PluginManager:220 - loadIPPluginJar : add nvic
2024-06-03 18:22:40,986 [INFO] CADModel:165 - CPN selected for project level
2024-06-03 18:22:40,987 [INFO] CADModel:114 - Register for checkConnection events
2024-06-03 18:22:40,987 [FATAL] Updater:308 - Updater called before beeing initialized
2024-06-03 18:22:40,987 [ERROR] CADModel:125 - Updater not yet initialized, retry later 
2024-06-03 18:22:41,084 [INFO] CADModel:165 - CPN selected for project level
2024-06-03 18:22:41,084 [INFO] CADModel:114 - Register for checkConnection events
2024-06-03 18:22:41,084 [FATAL] Updater:308 - Updater called before beeing initialized
2024-06-03 18:22:41,085 [ERROR] CADModel:125 - Updater not yet initialized, retry later 
2024-06-03 18:22:41,088 [FATAL] Updater:308 - Updater called before beeing initialized
2024-06-03 18:22:41,162 [FATAL] Updater:308 - Updater called before beeing initialized
2024-06-03 18:22:41,166 [INFO] DbMcusAds:53 - JSON generation date=Thu May 16 14:52:01 IST 2024 (1715851321456)
2024-06-03 18:22:41,166 [FATAL] Updater:308 - Updater called before beeing initialized
2024-06-03 18:22:41,194 [WARN] DetailPanel:346 - Failed to get advertising image, set to default
2024-06-03 18:22:41,268 [FATAL] Updater:308 - Updater called before beeing initialized
2024-06-03 18:22:41,269 [FATAL] Updater:308 - Updater called before beeing initialized
2024-06-03 18:22:41,269 [FATAL] Updater:308 - Updater called before beeing initialized
2024-06-03 18:22:41,269 [WARN] DetailPanel:346 - Failed to get advertising image, set to default
2024-06-03 18:22:41,270 [FATAL] Updater:308 - Updater called before beeing initialized
2024-06-03 18:22:41,298 [ERROR] Updater:1120 - MainUpdater not yet initialized. External WinMGr cannot be set.
2024-06-03 18:22:41,300 [INFO] Updater:1056 - Updater Version found : 6.11.1
2024-06-03 18:22:41,315 [INFO] ApplicationProperties:184 - Using Application install path: /opt/st/stm32cubeide_1.15.1_2/plugins/com.st.stm32cube.common.mx_6.11.1.202404110753
2024-06-03 18:22:41,684 [INFO] MainUpdater:2873 - connection check result : 10
2024-06-03 18:22:41,685 [INFO] MainUpdater:290 - Updater Check For Update Now.
2024-06-03 18:22:41,685 [INFO] MicroXplorer:498 - Change Database Version : DB.6.0.111
2024-06-03 18:22:41,690 [INFO] McuFinderGlobals:63 - Set McuFinder mode to 2 (CubeIDE integrated)
2024-06-03 18:22:41,696 [INFO] UserAuth:415 - Internet connection configuration mode: 1
2024-06-03 18:22:41,709 [INFO] JxBrowserEngine:152 - Initiate JxBrowser Engine with user profile folder
2024-06-03 18:22:41,855 [INFO] CheckServerUpdateThread:120 - End of CheckServer Thread
2024-06-03 18:22:42,265 [INFO] WebApp:161 - Instantiating new browser for Auth
2024-06-03 18:22:42,685 [INFO] WebApp:779 - Register for checkConnection events
2024-06-03 18:22:42,685 [INFO] WebApp:414 - Apply proxy settings
2024-06-03 18:22:42,685 [INFO] WebApp:499 - Chromium requires no authentication
2024-06-03 18:22:42,691 [INFO] WebApp:442 - Direct internet connection detected
2024-06-03 18:22:42,807 [INFO] WebApp:192 - Starting web application
2024-06-03 18:22:42,807 [INFO] WebApp:544 - Web application path used /opt/st/stm32cubeide_1.15.1_2/plugins/com.st.stm32cube.common.mx_6.11.1.202404110753/db/plugins/mcufinder/reactClient1/index.html
2024-06-03 18:22:43,479 [WARN] PackLoader:240 - Cannot read IP mode file for STMicroelectronics.X-CUBE-SMBUS.2.1.0
2024-06-03 18:22:43,484 [WARN] PackLoader:240 - Cannot read IP mode file for STMicroelectronics.X-CUBE-TOUCHGFX.4.23.2
2024-06-03 18:22:43,508 [WARN] PackLoader:240 - Cannot read IP mode file for STMicroelectronics.X-CUBE-AZRTOS-F7.1.1.0
2024-06-03 18:22:43,518 [WARN] PackLoader:240 - Cannot read IP mode file for STMicroelectronics.FP-SNS-FLIGHT1.5.0.2
2024-06-03 18:22:43,529 [WARN] PackLoader:240 - Cannot read IP mode file for STMicroelectronics.X-CUBE-DISPLAY.3.0.0
2024-06-03 18:22:43,548 [WARN] PackLoader:240 - Cannot read IP mode file for STMicroelectronics.X-CUBE-BLE1.7.0.0
2024-06-03 18:22:43,555 [WARN] PackLoader:240 - Cannot read IP mode file for emotas.I-CUBE-CANOPEN.1.3.0
2024-06-03 18:22:43,572 [WARN] PackLoader:240 - Cannot read IP mode file for STMicroelectronics.X-CUBE-BLEMGR.3.1.0
2024-06-03 18:22:43,584 [WARN] PackLoader:240 - Cannot read IP mode file for STMicroelectronics.FP-SNS-SMARTAG2.1.2.0
2024-06-03 18:22:43,593 [INFO] LogOutputStream:77 - [STDOUT_REDIRECT] 1 : Invalid condition id : UX_CORESTACK_Condition cause : null
2024-06-03 18:22:43,593 [INFO] LogOutputStream:77 - [STDOUT_REDIRECT] 1 : Invalid condition id : UX_CORESTACK_Condition cause : null
2024-06-03 18:22:43,594 [INFO] LogOutputStream:77 - [STDOUT_REDIRECT] 1 : Invalid condition id : UX_CORESTACK_Condition cause : null
2024-06-03 18:22:43,594 [INFO] LogOutputStream:77 - [STDOUT_REDIRECT] 1 : Invalid condition id : UX_CORESTACK_Condition cause : null
2024-06-03 18:22:43,595 [INFO] LogOutputStream:77 - [STDOUT_REDIRECT] 1 : Invalid condition id : UX_CORESTACK_Condition cause : null
2024-06-03 18:22:43,599 [WARN] PackLoader:240 - Cannot read IP mode file for STMicroelectronics.X-CUBE-AZRTOS-WL.2.0.0
2024-06-03 18:22:43,608 [WARN] PackLoader:240 - Cannot read IP mode file for WES.I-CUBE-Cesium.1.3.0
2024-06-03 18:22:43,613 [WARN] PackLoader:240 - Cannot read IP mode file for STMicroelectronics.X-CUBE-BLE2.3.3.0
2024-06-03 18:22:43,619 [WARN] PackLoader:240 - Cannot read IP mode file for STMicroelectronics.X-CUBE-TCPP.4.1.0
2024-06-03 18:22:43,638 [WARN] PackLoader:240 - Cannot read IP mode file for STMicroelectronics.X-CUBE-AZRTOS-G0.1.1.0
2024-06-03 18:22:43,647 [WARN] PackLoader:240 - Cannot read IP mode file for STMicroelectronics.X-CUBE-SAFEA1.1.2.2
2024-06-03 18:22:43,652 [WARN] PackLoader:240 - Cannot read IP mode file for STMicroelectronics.X-CUBE-NFC4.3.0.0
2024-06-03 18:22:43,656 [WARN] PackLoader:240 - Cannot read IP mode file for wolfSSL.I-CUBE-wolfMQTT.1.18.0
2024-06-03 18:22:43,658 [WARN] PackLoader:240 - Cannot read IP mode file for wolfSSL.I-CUBE-wolfSSL.5.7.0
2024-06-03 18:22:43,661 [WARN] PackLoader:240 - Cannot read IP mode file for STMicroelectronics.FP-ATR-SIGFOX1.3.2.0
2024-06-03 18:22:43,666 [WARN] PackLoader:240 - Cannot read IP mode file for STMicroelectronics.X-CUBE-EEPRMA1.5.1.0
2024-06-03 18:22:43,672 [WARN] PackLoader:240 - Cannot read IP mode file for ITTIA_DB.I-CUBE-ITTIADB.8.9.0
2024-06-03 18:22:43,699 [WARN] PackLoader:240 - Cannot read IP mode file for SEGGER.I-CUBE-embOS.1.3.1
2024-06-03 18:22:43,769 [WARN] PackLoader:240 - Cannot read IP mode file for STMicroelectronics.X-CUBE-ALGOBUILD.1.4.0
2024-06-03 18:22:43,774 [WARN] PackLoader:240 - Cannot read IP mode file for STMicroelectronics.X-CUBE-GNSS1.6.0.0
2024-06-03 18:22:43,786 [WARN] PackLoader:240 - Cannot read IP mode file for STMicroelectronics.X-CUBE-AZRTOS-F4.1.1.0
2024-06-03 18:22:43,792 [WARN] PackLoader:240 - Cannot read IP mode file for STMicroelectronics.X-CUBE-FREERTOS.1.2.0
2024-06-03 18:22:43,803 [WARN] PackLoader:240 - Cannot read IP mode file for STMicroelectronics.X-CUBE-AZRTOS-L5.2.0.0
2024-06-03 18:22:43,811 [WARN] PackLoader:240 - Cannot read IP mode file for STMicroelectronics.X-CUBE-NFC6.3.1.0
2024-06-03 18:22:43,818 [WARN] PackLoader:240 - Cannot read IP mode file for STMicroelectronics.X-CUBE-NFC7.1.0.1
2024-06-03 18:22:43,831 [WARN] ConditionMgr:438 - getConditionDescription Invalid condition id : LAN8742 Phy interface Condition cause : null
2024-06-03 18:22:43,832 [WARN] PackLoader:240 - Cannot read IP mode file for STMicroelectronics.X-CUBE-AZRTOS-L4.2.0.0
2024-06-03 18:22:43,833 [WARN] ConditionMgr:1039 - genDependencies : Invalid condition id : LAN8742 Phy interface Condition cause : null
2024-06-03 18:22:43,834 [WARN] ConditionMgr:1039 - genDependencies : Invalid condition id : LAN8742 Phy interface Condition cause : null
2024-06-03 18:22:43,835 [WARN] ConditionMgr:1039 - genDependencies : Invalid condition id : LAN8742 Phy interface Condition cause : null
2024-06-03 18:22:43,841 [WARN] PackLoader:240 - Cannot read IP mode file for STMicroelectronics.X-CUBE-SFXS2LP1.4.0.0
2024-06-03 18:22:43,851 [WARN] ConditionMgr:438 - getConditionDescription Invalid condition id : UX DEVICE CLASS RTOS Condition cause : null
2024-06-03 18:22:43,851 [WARN] ConditionMgr:438 - getConditionDescription Invalid condition id : UX DEVICE CLASS RTOS Condition cause : null
2024-06-03 18:22:43,853 [WARN] PackLoader:240 - Cannot read IP mode file for STMicroelectronics.X-CUBE-AZRTOS-WB.2.0.0
2024-06-03 18:22:43,854 [WARN] ConditionMgr:1039 - genDependencies : Invalid condition id : UX DEVICE CLASS RTOS Condition cause : null
2024-06-03 18:22:43,855 [WARN] ConditionMgr:1039 - genDependencies : Invalid condition id : UX DEVICE CLASS RTOS Condition cause : null
2024-06-03 18:22:43,855 [WARN] ConditionMgr:1039 - genDependencies : Invalid condition id : UX DEVICE CLASS RTOS Condition cause : null
2024-06-03 18:22:43,856 [WARN] ConditionMgr:1039 - genDependencies : Invalid condition id : UX DEVICE CLASS RTOS Condition cause : null
2024-06-03 18:22:43,856 [WARN] ConditionMgr:1039 - genDependencies : Invalid condition id : UX DEVICE CLASS RTOS Condition cause : null
2024-06-03 18:22:43,864 [WARN] PackLoader:240 - Cannot read IP mode file for STMicroelectronics.X-CUBE-SUBG2.5.0.0
2024-06-03 18:22:43,874 [WARN] PackLoader:240 - Cannot read IP mode file for Cesanta.I-CUBE-Mongoose.7.13.0
2024-06-03 18:22:43,883 [WARN] PackLoader:240 - Cannot read IP mode file for STMicroelectronics.X-CUBE-AZRTOS-G4.2.0.0
2024-06-03 18:22:43,888 [WARN] PackLoader:240 - Cannot read IP mode file for STMicroelectronics.X-CUBE-ISPU.2.0.0
2024-06-03 18:22:43,892 [WARN] PackLoader:240 - Cannot read IP mode file for STMicroelectronics.X-CUBE-ALS.1.0.2
2024-06-03 18:22:43,925 [WARN] PackLoader:240 - Cannot read IP mode file for STMicroelectronics.X-CUBE-MEMS1.10.0.0
2024-06-03 18:22:44,100 [WARN] PackLoader:240 - Cannot read IP mode file for portGmbH.I-Cube-SoM-uGOAL.1.1.0
2024-06-03 18:22:44,113 [WARN] PackLoader:240 - Cannot read IP mode file for STMicroelectronics.X-CUBE-AZRTOS-H7RS.1.0.0
2024-06-03 18:22:44,119 [WARN] PackLoader:240 - Cannot read IP mode file for STMicroelectronics.FP-ATR-ASTRA1.2.0.0
2024-06-03 18:22:44,127 [WARN] PackLoader:240 - Cannot read IP mode file for STMicroelectronics.X-CUBE-TOF1.3.4.1
2024-06-03 18:22:44,157 [WARN] PackLoader:240 - Cannot read IP mode file for STMicroelectronics.X-CUBE-AZRTOS-H7.3.2.0
2024-06-03 18:22:44,170 [WARN] PackLoader:240 - Cannot read IP mode file for Infineon.AIROC-Wi-Fi-Bluetooth-STM32.1.6.0
2024-06-03 18:22:44,177 [INFO] ThirdParty:978 - Integrity check success = true
2024-06-03 18:22:44,177 [INFO] IntegrityCheckThread:100 - exiting critical section [integrity check]
2024-06-03 18:22:44,177 [INFO] IntegrityCheckThread:103 - End integrity checks thread
